<?xml version="1.0" encoding="UTF-8"?>
<!-- Generated by org.testng.reporters.JUnitReportReporter -->
<testsuite hostname="ATMECSINLT-004" failures="0" tests="1" name="com.test.testfalcon.AppTest" time="0.007" errors="0" timestamp="10 Nov 2021 07:24:28 GMT" skipped="0">
  <testcase classname="com.test.testfalcon.AppTest" name="testApp" time="0.007"/>
</testsuite> <!-- com.test.testfalcon.AppTest -->
