<?xml version="1.0" encoding="UTF-8"?>
<!-- Generated by org.testng.reporters.JUnitReportReporter -->
<testsuite hostname="ATMECSINLT-004" failures="0" tests="1" name="com.test.testfalcon.testscript.GoogleTest" time="18.300" errors="0" timestamp="15 Nov 2021 07:01:53 GMT" skipped="0">
  <testcase classname="com.test.testfalcon.testscript.GoogleTest" name="googleTest" time="18.300"/>
</testsuite> <!-- com.test.testfalcon.testscript.GoogleTest -->
