<?xml version="1.0" encoding="UTF-8"?>
<!-- Generated by org.testng.reporters.JUnitReportReporter -->
<testsuite hostname="ATMECSINLT-004" failures="0" tests="1" name="com.test.testfalcon.testscript.SampleTestScript" time="16.635" errors="0" timestamp="03 Nov 2021 10:30:24 GMT" skipped="0">
  <testcase classname="com.test.testfalcon.testscript.SampleTestScript" name="sampleTest" time="16.635"/>
</testsuite> <!-- com.test.testfalcon.testscript.SampleTestScript -->
